[00:00:03] [Render thread/INFO] (Minecraft) Loaded 7 recipes
[00:00:03] [Render thread/INFO] (Minecraft) Loaded 1137 advancements
[00:00:05] [Render thread/INFO] (Minecraft) Environment: authHost='https://authserver.mojang.com', accountsHost='https://api.mojang.com', sessionHost='https://sessionserver.mojang.com', servicesHost='https://api.minecraftservices.com', name='PROD'
[00:00:05] [Server thread/INFO] (Minecraft) Starting integrated minecraft server version 1.17
[00:00:05] [Server thread/INFO] (Minecraft) Generating keypair
[00:00:05] [Server thread/INFO] (Minecraft) Preparing start region for dimension minecraft:overworld
[00:00:06] [Render thread/INFO] (Minecraft) Preparing spawn area: 0%
[00:00:06] [Render thread/INFO] (Minecraft) Preparing spawn area: 0%
[00:00:07] [Render thread/INFO] (Minecraft) Preparing spawn area: 0%
[00:00:13] [Render thread/INFO] (Minecraft) Preparing spawn area: 0%
[00:00:13] [Render thread/INFO] (Minecraft) Preparing spawn area: 0%
[00:00:13] [Render thread/INFO] (Minecraft) Preparing spawn area: 0%
[00:00:13] [Render thread/INFO] (Minecraft) Preparing spawn area: 0%
[00:00:13] [Render thread/INFO] (Minecraft) Preparing spawn area: 0%
[00:00:13] [Render thread/INFO] (Minecraft) Preparing spawn area: 0%
[00:00:13] [Render thread/INFO] (Minecraft) Preparing spawn area: 0%
[00:00:13] [Render thread/INFO] (Minecraft) Preparing spawn area: 0%
[00:00:13] [Render thread/INFO] (Minecraft) Preparing spawn area: 0%
[00:00:13] [Render thread/INFO] (Minecraft) Preparing spawn area: 0%
[00:00:13] [Render thread/INFO] (Minecraft) Preparing spawn area: 0%
[00:00:13] [Render thread/INFO] (Minecraft) Preparing spawn area: 0%
[00:00:13] [Render thread/INFO] (Minecraft) Preparing spawn area: 0%
[00:00:14] [Render thread/INFO] (Minecraft) Preparing spawn area: 26%
[00:00:14] [Render thread/INFO] (Minecraft) Preparing spawn area: 71%
[00:00:15] [Render thread/INFO] (Minecraft) Preparing spawn area: 77%
[00:00:15] [Render thread/INFO] (Minecraft) Preparing spawn area: 79%
[00:00:16] [Render thread/INFO] (Minecraft) Preparing spawn area: 87%
[00:00:16] [Render thread/INFO] (Minecraft) Preparing spawn area: 92%
[00:00:17] [Render thread/INFO] (Minecraft) Preparing spawn area: 97%
[00:00:19] [Render thread/INFO] (Minecraft) Time elapsed: 13149 ms
[00:00:19] [Server thread/INFO] (Minecraft) Changing view distance to 2, from 10
[00:00:22] [Netty Local Client IO #0/INFO] (BiomeModificationImpl) Applied 272 biome modifications to 68 of 81 new biomes in 20.84 ms
[00:00:23] [Server thread/INFO] (Minecraft) Player619[local:E:d1f74784] logged in with entity id 219 at (-99.13625477851507, 71.75, -23.7125859976507)
[00:00:23] [Server thread/INFO] (Minecraft) Player619 joined the game
[00:00:24] [Server thread/WARN] (Minecraft) Can't keep up! Is the server overloaded? Running 2856ms or 57 ticks behind
[00:00:24] [Server thread/INFO] (Minecraft) Saving and pausing game...
[00:00:24] [Server thread/INFO] (Minecraft) Saving chunks for level 'ServerLevel[New World]'/minecraft:overworld
[00:00:24] [Render thread/INFO] (Minecraft) Loaded 4 advancements
[00:00:25] [Server thread/INFO] (Minecraft) Saving chunks for level 'ServerLevel[New World]'/minecraft:the_nether
[00:00:25] [Server thread/INFO] (Minecraft) Saving chunks for level 'ServerLevel[New World]'/minecraft:the_end
[00:00:45] [Render thread/INFO] (Minecraft) Stopping!
[00:00:45] [Server thread/INFO] (Minecraft) Player619 lost connection: Disconnected
[00:00:45] [Server thread/INFO] (Minecraft) Player619 left the game
[00:00:45] [Server thread/INFO] (Minecraft) Stopping singleplayer server as player logged out
[00:00:45] [Server thread/INFO] (Minecraft) Stopping server
[00:00:45] [Server thread/INFO] (Minecraft) Saving players
[00:00:45] [Server thread/INFO] (Minecraft) Saving worlds
[00:00:45] [Server thread/INFO] (Minecraft) Saving chunks for level 'ServerLevel[New World]'/minecraft:overworld
[00:00:45] [Server thread/INFO] (Minecraft) ThreadedAnvilChunkStorage (New World): All chunks are saved
[00:00:45] [Server thread/INFO] (Minecraft) Saving chunks for level 'ServerLevel[New World]'/minecraft:the_nether
[00:00:45] [Server thread/INFO] (Minecraft) ThreadedAnvilChunkStorage (DIM-1): All chunks are saved
[00:00:45] [Server thread/INFO] (Minecraft) Saving chunks for level 'ServerLevel[New World]'/minecraft:the_end
[00:00:45] [Server thread/INFO] (Minecraft) ThreadedAnvilChunkStorage (DIM1): All chunks are saved
[00:00:45] [Server thread/INFO] (Minecraft) ThreadedAnvilChunkStorage (New World): All chunks are saved
[00:00:46] [Server thread/INFO] (Minecraft) ThreadedAnvilChunkStorage (DIM-1): All chunks are saved
[00:00:46] [Server thread/INFO] (Minecraft) ThreadedAnvilChunkStorage (DIM1): All chunks are saved
